<?xml version="1.0" encoding="UTF-8"?>
<testng-results ignored="0" total="1" passed="1" failed="0" skipped="0">
  <reporter-output>
  </reporter-output>
  <suite started-at="2021-08-07T10:31:59 IST" name="BankingDemo" finished-at="2021-08-07T10:33:11 IST" duration-ms="71642">
    <groups>
    </groups>
    <test started-at="2021-08-07T10:31:59 IST" name="BankingDemo_Automation" finished-at="2021-08-07T10:33:11 IST" duration-ms="71642">
      <class name="BankingDemo.BankingDemo_Automation">
        <test-method is-config="true" signature="LaunchBrowser()[pri:0, instance:BankingDemo.BankingDemo_Automation@28f3b248]" started-at="2021-08-07T10:31:59 IST" name="LaunchBrowser" finished-at="2021-08-07T10:32:14 IST" duration-ms="14896" status="PASS">
          <reporter-output>
          </reporter-output>
        </test-method> <!-- LaunchBrowser -->
        <test-method signature="BankingDemo()[pri:0, instance:BankingDemo.BankingDemo_Automation@28f3b248]" started-at="2021-08-07T10:32:14 IST" name="BankingDemo" finished-at="2021-08-07T10:33:10 IST" duration-ms="55509" status="PASS">
          <reporter-output>
          </reporter-output>
        </test-method> <!-- BankingDemo -->
        <test-method is-config="true" signature="CloseBrowser()[pri:0, instance:BankingDemo.BankingDemo_Automation@28f3b248]" started-at="2021-08-07T10:33:10 IST" name="CloseBrowser" finished-at="2021-08-07T10:33:11 IST" duration-ms="1188" status="PASS">
          <reporter-output>
          </reporter-output>
        </test-method> <!-- CloseBrowser -->
      </class> <!-- BankingDemo.BankingDemo_Automation -->
    </test> <!-- BankingDemo_Automation -->
  </suite> <!-- BankingDemo -->
</testng-results>
